<?xml version="1.0" encoding="UTF-8"?>
<testsuite xmlns:xsi="http://www.w3.org/2001/XMLSchema-instance" xsi:noNamespaceSchemaLocation="https://maven.apache.org/surefire/maven-surefire-plugin/xsd/surefire-test-report-3.0.xsd" version="3.0" name="auth.com.usuario.UsuarioApplicationTests" time="18.854" tests="1" errors="0" skipped="0" failures="0">
  <properties>
[...]
</properties>
  <testcase name="contextLoads" classname="auth.com.usuario.UsuarioApplicationTests" time="1.157">
    <system-out><![CDATA[21:56:36.020 [main] INFO org.springframework.test.context.support.AnnotationConfigContextLoaderUtils -- Could not detect default configuration classes for test class [auth.com.usuario.UsuarioApplicationTests]: UsuarioApplicationTests does not declare any static, non-private, non-final, nested classes annotated with @Configuration.
21:56:36.298 [main] INFO org.springframework.boot.test.context.SpringBootTestContextBootstrapper -- Found @SpringBootConfiguration auth.com.usuario.UsuarioApplication for test class auth.com.usuario.UsuarioApplicationTests
  .   ____          _            __ _ _
 /\\ / ___'_ __ _ _(_)_ __  __ _ \ \ \ \
( ( )\___ | '_ | '_| | '_ \/ _` | \ \ \ \
 \\/  ___)| |_)| | | | | || (_| |  ) ) ) )
  '  |____| .__|_| |_|_| |_\__, | / / / /
 =========|_|==============|___/=/_/_/_/

 :: Spring Boot ::                (v3.3.0)

2024-05-27T21:56:37.751-03:00  INFO 10988 --- [usuario] [           main] a.com.usuario.UsuarioApplicationTests    : Starting UsuarioApplicationTests using Java 22.0.1 with PID 10988 (started by Bueno in D:\FIAP 2024\FASE3\MicroServiços\Tornado Projeto FIAP\usuario)
2024-05-27T21:56:37.755-03:00  INFO 10988 --- [usuario] [           main] a.com.usuario.UsuarioApplicationTests    : No active profile set, falling back to 1 default profile: "default"
2024-05-27T21:56:40.446-03:00  INFO 10988 --- [usuario] [           main] .s.d.r.c.RepositoryConfigurationDelegate : Bootstrapping Spring Data JPA repositories in DEFAULT mode.
2024-05-27T21:56:40.649-03:00  INFO 10988 --- [usuario] [           main] .s.d.r.c.RepositoryConfigurationDelegate : Finished Spring Data repository scanning in 175 ms. Found 4 JPA repository interfaces.
2024-05-27T21:56:42.854-03:00  INFO 10988 --- [usuario] [           main] com.zaxxer.hikari.HikariDataSource       : HikariPool-1 - Starting...
2024-05-27T21:56:43.975-03:00  INFO 10988 --- [usuario] [           main] com.zaxxer.hikari.pool.HikariPool        : HikariPool-1 - Added connection oracle.jdbc.driver.T4CConnection@4f664bee
2024-05-27T21:56:43.981-03:00  INFO 10988 --- [usuario] [           main] com.zaxxer.hikari.HikariDataSource       : HikariPool-1 - Start completed.
2024-05-27T21:56:44.048-03:00  INFO 10988 --- [usuario] [           main] org.flywaydb.core.FlywayExecutor         : Database: jdbc:oracle:thin:@oracle.fiap.com.br:1521:ORCL (Oracle 19.0)
2024-05-27T21:56:44.732-03:00  INFO 10988 --- [usuario] [           main] o.f.core.internal.command.DbValidate     : Successfully validated 7 migrations (execution time 00:00.149s)
2024-05-27T21:56:44.841-03:00  INFO 10988 --- [usuario] [           main] o.f.core.internal.command.DbMigrate      : Current version of schema "RM98527": 7
2024-05-27T21:56:44.871-03:00  INFO 10988 --- [usuario] [           main] o.f.core.internal.command.DbMigrate      : Schema "RM98527" is up to date. No migration necessary.
2024-05-27T21:56:45.272-03:00  INFO 10988 --- [usuario] [           main] o.hibernate.jpa.internal.util.LogHelper  : HHH000204: Processing PersistenceUnitInfo [name: default]
2024-05-27T21:56:45.564-03:00  INFO 10988 --- [usuario] [           main] org.hibernate.Version                    : HHH000412: Hibernate ORM core version 6.5.2.Final
2024-05-27T21:56:45.664-03:00  INFO 10988 --- [usuario] [           main] o.h.c.internal.RegionFactoryInitiator    : HHH000026: Second-level cache disabled
2024-05-27T21:56:46.411-03:00  INFO 10988 --- [usuario] [           main] o.s.o.j.p.SpringPersistenceUnitInfo      : No LoadTimeWeaver setup: ignoring JPA class transformer
2024-05-27T21:56:49.174-03:00  INFO 10988 --- [usuario] [           main] o.h.e.t.j.p.i.JtaPlatformInitiator       : HHH000489: No JTA platform available (set 'hibernate.transaction.jta.platform' to enable JTA platform integration)
2024-05-27T21:56:49.183-03:00  INFO 10988 --- [usuario] [           main] j.LocalContainerEntityManagerFactoryBean : Initialized JPA EntityManagerFactory for persistence unit 'default'
2024-05-27T21:56:50.451-03:00  INFO 10988 --- [usuario] [           main] r$InitializeUserDetailsManagerConfigurer : Global AuthenticationManager configured with UserDetailsService bean with name authorization
2024-05-27T21:56:50.525-03:00  WARN 10988 --- [usuario] [           main] JpaBaseConfiguration$JpaWebConfiguration : spring.jpa.open-in-view is enabled by default. Therefore, database queries may be performed during view rendering. Explicitly configure spring.jpa.open-in-view to disable this warning
2024-05-27T21:56:51.458-03:00  INFO 10988 --- [usuario] [           main] o.s.s.web.DefaultSecurityFilterChain     : Will secure any request with [org.springframework.security.web.session.DisableEncodeUrlFilter@60f70c9e, org.springframework.security.web.context.request.async.WebAsyncManagerIntegrationFilter@6db64abf, org.springframework.security.web.context.SecurityContextHolderFilter@4ab959e8, org.springframework.security.web.header.HeaderWriterFilter@66c9aca2, org.springframework.web.filter.CorsFilter@34714012, org.springframework.security.web.authentication.logout.LogoutFilter@63574d76, auth.com.usuario.Token.Verificartoken@623c9988, org.springframework.security.web.savedrequest.RequestCacheAwareFilter@5f910283, org.springframework.security.web.servletapi.SecurityContextHolderAwareRequestFilter@5702232d, org.springframework.security.web.authentication.AnonymousAuthenticationFilter@49a0fe14, org.springframework.security.web.session.SessionManagementFilter@13ac1657, org.springframework.security.web.access.ExceptionTranslationFilter@2c914364, org.springframework.security.web.access.intercept.AuthorizationFilter@633dce39]
2024-05-27T21:56:53.144-03:00  INFO 10988 --- [usuario] [           main] a.com.usuario.UsuarioApplicationTests    : Started UsuarioApplicationTests in 16.401 seconds (process running for 19.277)
]]></system-out>
    <system-err><![CDATA[WARNING: A Java agent has been loaded dynamically (C:\Users\Bueno\.m2\repository\net\bytebuddy\byte-buddy-agent\1.14.16\byte-buddy-agent-1.14.16.jar)
WARNING: If a serviceability tool is in use, please run with -XX:+EnableDynamicAgentLoading to hide this warning
WARNING: If a serviceability tool is not in use, please run with -Djdk.instrument.traceUsage for more information
WARNING: Dynamic loading of agents will be disallowed by default in a future release
]]></system-err>
  </testcase>
</testsuite>